
 Log : qua jun 12 01:05:22 -03 2019
 Inicializando o setup.
 Log : qua jun 12 01:15:50 -03 2019
 Inicializando o setup.
 Log : qua jun 12 01:16:52 -03 2019
 Inicializando o setup.
 Log : Wed Jun 12 09:13:45 -03 2019
 Inicializando o setup.
 Log : Wed Jun 12 10:38:08 -03 2019
 Inicializando o setup.
 Log : Wed Jun 12 10:39:18 -03 2019
 Inicializando o setup.
 Log : Wed Jun 12 10:39:35 -03 2019
 Inicializando o setup.
 Log : Wed Jun 12 10:40:13 -03 2019
 Inicializando o setup.
 Log : Wed Jun 12 10:51:04 -03 2019
 Inicializando o setup.
 Log : Wed Jun 12 10:51:15 -03 2019
 Inicializando o setup.
 Log : Wed Jun 12 11:01:29 -03 2019
 Inicializando o setup.
 Log : Wed Jun 12 11:01:35 -03 2019
 Inicializando o setup.
 Log : Wed Jun 12 11:38:46 -03 2019
 Inicializando o setup.
 Log : Wed Jun 12 11:38:58 -03 2019
 Inicializando o setup.
 Log : Wed Jun 12 16:38:07 -03 2019
 Inicializando o setup.
 Log : Wed Jun 12 16:38:43 -03 2019
 Inicializando o setup.
 Log : Wed Jun 12 16:41:08 -03 2019
 Inicializando o setup.
 Log : Wed Jun 12 16:52:45 -03 2019
 Inicializando o setup.
 Log : Wed Jun 12 17:09:31 -03 2019
 Inicializando o setup.
 Log : Wed Jun 12 17:11:19 -03 2019
 Inicializando o setup.
 Log : Wed Jun 12 17:11:30 -03 2019
 Inicializando o setup.
 Log : Wed Jun 12 18:24:57 -03 2019
 Inicializando o setup.
 Log : Wed Jun 12 19:00:48 -03 2019
 Inicializando o setup.
 Log : Wed Jun 12 20:52:45 -03 2019
 Inicializando o setup.
 Log : Wed Jun 12 20:57:35 -03 2019
 Inicializando o setup.
 Log : Wed Jun 12 20:59:22 -03 2019
 Inicializando o setup.
 Log : Wed Jun 12 21:03:37 -03 2019
 Inicializando o setup.
 Log : Wed Jun 12 21:28:43 -03 2019
 Inicializando o setup.
 Log : Wed Jun 12 21:37:28 -03 2019
 Inicializando o setup.
 Log : Wed Jun 12 21:42:47 -03 2019
 Inicializando o setup.
 Log : Wed Jun 12 21:48:01 -03 2019
 Inicializando o setup.
 Log : Wed Jun 12 21:48:10 -03 2019
 Inicializando o setup.
 Log : Wed Jun 12 21:59:12 -03 2019
 Inicializando o setup.
 Log : Wed Jun 12 21:59:44 -03 2019
 Inicializando o setup.
 Log : Wed Jun 12 22:01:19 -03 2019
 Inicializando o setup.
 Log : Wed Jun 12 22:01:22 -03 2019
 Inicializando o setup.
 Log : Wed Jun 12 22:03:10 -03 2019
 Inicializando o setup.
 Log : Wed Jun 12 22:04:47 -03 2019
 Inicializando o setup.
 Log : Wed Jun 12 22:10:35 -03 2019
 Inicializando o setup.
 Log : Wed Jun 12 22:11:41 -03 2019
 Inicializando o setup.
 Log : Thu Jun 13 05:43:26 -03 2019
 Inicializando o setup.
 Log : Thu Jun 13 05:44:05 -03 2019
 Inicializando o setup.
 Log : Thu Jun 13 05:46:34 -03 2019
 Inicializando o setup.
 Log : Thu Jun 13 05:53:01 -03 2019
 Inicializando o setup.
 Log : Thu Jun 13 05:53:46 -03 2019
 Inicializando o setup.
 Log : Thu Jun 13 06:02:12 -03 2019
 Inicializando o setup.
 Log : Thu Jun 13 06:03:39 -03 2019
 Inicializando o setup.
 Log : Thu Jun 13 06:04:53 -03 2019
 Inicializando o setup.
 Log : Thu Jun 13 06:16:52 -03 2019
 Inicializando o setup.
 Log : Thu Jun 13 06:18:53 -03 2019
 Inicializando o setup.
 Log : Thu Jun 13 06:19:28 -03 2019
 Inicializando o setup.
 Log : Thu Jun 13 06:21:10 -03 2019
 Inicializando o setup.
 Log : Thu Jun 13 06:24:13 -03 2019
 Inicializando o setup.
 Log : Thu Jun 13 06:33:59 -03 2019
 Inicializando o setup.
 Log : Thu Jun 13 06:35:04 -03 2019
 Inicializando o setup.
 Log : Thu Jun 13 06:35:53 -03 2019
 Inicializando o setup.
 Log : Thu Jun 13 06:36:15 -03 2019
 Inicializando o setup.
 Log : Thu Jun 13 06:38:20 -03 2019
 Inicializando o setup.
 Log : Thu Jun 13 06:39:54 -03 2019
 Inicializando o setup.
 Log : Thu Jun 13 06:41:24 -03 2019
 Inicializando o setup.
 Log : Thu Jun 13 06:41:55 -03 2019
 Inicializando o setup.
 Log : Thu Jun 13 06:43:14 -03 2019
 Inicializando o setup.
 Log : Thu Jun 13 06:44:09 -03 2019
 Inicializando o setup.
 Log : Thu Jun 13 06:45:09 -03 2019
 Inicializando o setup.
 Log : Thu Jun 13 06:45:53 -03 2019
 Inicializando o setup.
 Log : Thu Jun 13 06:46:22 -03 2019
 Inicializando o setup.
 Log : Thu Jun 13 06:48:09 -03 2019
 Inicializando o setup.
 Log : Thu Jun 13 06:49:11 -03 2019
 Inicializando o setup.
 Log : Thu Jun 13 07:42:32 -03 2019
 Inicializando o setup.
 Log : Thu Jun 13 08:48:37 -03 2019
 Inicializando o setup.
 Log : Thu Jun 13 08:52:20 -03 2019
 Inicializando o setup.
 Log : Thu Jun 13 09:11:45 -03 2019
 Inicializando o setup.
 Log : Thu Jun 13 09:11:52 -03 2019
 Inicializando o setup.
 Log : Thu Jun 13 09:19:09 -03 2019
 Inicializando o setup.
 Log : Thu Jun 13 09:23:04 -03 2019
 Inicializando o setup.
 Log : Thu Jun 13 10:20:41 -03 2019
 Inicializando o setup.
 Log : Thu Jun 13 10:20:52 -03 2019
 Inicializando o setup.
 Log : Thu Jun 13 15:25:45 -03 2019
 Inicializando o setup.
 Log : Thu Jun 13 15:29:11 -03 2019
 Inicializando o setup.
 Log : Thu Jun 13 15:31:03 -03 2019
 Inicializando o setup.
 Log : Thu Jun 13 15:33:38 -03 2019
 Inicializando o setup.
 Log : Thu Jun 13 15:37:12 -03 2019
 Inicializando o setup.
 Log : Thu Jun 13 15:37:45 -03 2019
 Inicializando o setup.
 Log : Thu Jun 13 15:38:25 -03 2019
 Inicializando o setup.
 Log : Thu Jun 13 22:55:38 -03 2019
 Inicializando o setup.
 Log : Fri Jun 14 00:14:33 -03 2019
 Inicializando o setup.
 Log : Fri Jun 14 00:15:26 -03 2019
 Inicializando o setup.
 Log : Fri Jun 14 00:15:55 -03 2019
 Inicializando o setup.
 Log : Fri Jun 14 00:26:02 -03 2019
 Inicializando o setup.
 Log : Fri Jun 14 00:31:11 -03 2019
 Inicializando o setup.
 Log : Fri Jun 14 00:32:23 -03 2019
 Inicializando o setup.
 Log : Fri Jun 14 00:33:38 -03 2019
 Inicializando o setup.
 Log : Fri Jun 14 00:37:12 -03 2019
 Inicializando o setup.
 Log : Fri Jun 14 00:39:27 -03 2019
 Inicializando o setup.
 Log : Fri Jun 14 00:40:44 -03 2019
 Inicializando o setup.
 Log : Fri Jun 14 01:07:48 -03 2019
 Inicializando o setup.
 Log : Fri Jun 14 01:12:30 -03 2019
 Inicializando o setup.
 Log : Fri Jun 14 06:56:50 -03 2019
 Inicializando o setup.
 Log : Fri Jun 14 06:59:10 -03 2019
 Inicializando o setup.
 Log : Fri Jun 14 14:33:50 -03 2019
 Inicializando o setup.
 Log : Fri Jun 14 14:33:58 -03 2019
 Inicializando o setup.
 Log : Fri Jun 14 15:41:03 -03 2019
 Inicializando o setup.
 Log : Fri Jun 14 16:18:06 -03 2019
 Inicializando o setup.
 Log : Fri Jun 14 16:18:33 -03 2019
 Inicializando o setup.
 Log : Fri Jun 14 16:19:27 -03 2019
 Inicializando o setup.
 Log : Fri Jun 14 16:19:29 -03 2019
 Inicializando o setup.
 Log : Fri Jun 14 16:23:20 -03 2019
 Inicializando o setup.
 Log : Fri Jun 14 16:23:21 -03 2019
 Inicializando o setup.
 Log : Fri Jun 14 16:23:46 -03 2019
 Inicializando o setup.
 Log : Fri Jun 14 16:24:06 -03 2019
 Inicializando o setup.
 Log : Fri Jun 14 16:25:49 -03 2019
 Inicializando o setup.
 Log : Fri Jun 14 16:25:51 -03 2019
 Inicializando o setup.
 Log : Fri Jun 14 16:26:11 -03 2019
 Inicializando o setup.
 Log : Fri Jun 14 16:26:13 -03 2019
 Inicializando o setup.
 Log : Fri Jun 14 16:29:36 -03 2019
 Inicializando o setup.
 Log : Fri Jun 14 16:31:55 -03 2019
 Inicializando o setup.
 Log : Fri Jun 14 16:31:57 -03 2019
 Inicializando o setup.
 Log : Fri Jun 14 16:35:44 -03 2019
 Inicializando o setup.
 Log : Fri Jun 14 16:35:45 -03 2019
 Inicializando o setup.
 Log : Fri Jun 14 16:40:09 -03 2019
 Inicializando o setup.
 Log : Fri Jun 14 16:40:12 -03 2019
 Inicializando o setup.
 Log : Fri Jun 14 16:44:26 -03 2019
 Inicializando o setup.
 Log : Fri Jun 14 16:44:30 -03 2019
 Inicializando o setup.
 Log : Fri Jun 14 16:57:15 -03 2019
 Inicializando o setup.
 Log : Fri Jun 14 18:04:49 -03 2019
 Inicializando o setup.
 Log : Fri Jun 14 18:04:56 -03 2019
 Inicializando o setup.
 Log : Fri Jun 14 18:05:34 -03 2019
 Inicializando o setup.
 Log : Fri Jun 14 18:06:38 -03 2019
 Inicializando o setup.
 Log : Fri Jun 14 18:09:26 -03 2019
 Inicializando o setup.
 Log : Fri Jun 14 18:11:10 -03 2019
 Inicializando o setup.
 Log : Fri Jun 14 18:20:20 -03 2019
 Inicializando o setup.
 Log : Fri Jun 14 18:22:26 -03 2019
 Inicializando o setup.
 Log : Fri Jun 14 18:36:06 -03 2019
 Inicializando o setup.
 Log : Fri Jun 14 18:37:32 -03 2019
 Inicializando o setup.
 Log : Fri Jun 14 19:53:29 -03 2019
 Inicializando o setup.
 Log : Fri Jun 14 19:54:00 -03 2019
 Inicializando o setup.
 Log : Fri Jun 14 19:55:16 -03 2019
 Inicializando o setup.
 Log : Fri Jun 14 20:10:39 -03 2019
 Inicializando o setup.
 Log : Fri Jun 14 20:14:47 -03 2019
 Inicializando o setup.
 Log : Fri Jun 14 20:16:10 -03 2019
 Inicializando o setup.
 Log : Fri Jun 14 20:18:16 -03 2019
 Inicializando o setup.
 Log : Fri Jun 14 20:23:02 -03 2019
 Inicializando o setup.
 Log : Fri Jun 14 20:23:45 -03 2019
 Inicializando o setup.
 Log : Fri Jun 14 20:33:21 -03 2019
 Inicializando o setup.
 Log : Fri Jun 14 20:33:30 -03 2019
 Inicializando o setup.
 Log : Fri Jun 14 20:38:00 -03 2019
 Inicializando o setup.
 Log : Fri Jun 14 20:40:15 -03 2019
 Inicializando o setup.
 Log : Fri Jun 14 20:41:01 -03 2019
 Inicializando o setup.
 Log : Fri Jun 14 20:41:08 -03 2019
 Inicializando o setup.
 Log : Fri Jun 14 20:42:13 -03 2019
 Inicializando o setup.
 Log : Fri Jun 14 20:42:35 -03 2019
 Inicializando o setup.
 Log : Fri Jun 14 20:44:50 -03 2019
 Inicializando o setup.
 Log : Fri Jun 14 20:45:19 -03 2019
 Inicializando o setup.
 Log : Fri Jun 14 20:46:20 -03 2019
 Inicializando o setup.
 Log : Fri Jun 14 20:47:45 -03 2019
 Inicializando o setup.
 Log : Fri Jun 14 20:50:45 -03 2019
 Inicializando o setup.
 Log : Fri Jun 14 20:51:41 -03 2019
 Inicializando o setup.
 Log : Fri Jun 14 20:56:18 -03 2019
 Inicializando o setup.
 Log : Fri Jun 14 20:59:46 -03 2019
 Inicializando o setup.
 Log : Fri Jun 14 21:01:09 -03 2019
 Inicializando o setup.
 Log : Fri Jun 14 21:06:22 -03 2019
 Inicializando o setup.
 Log : Fri Jun 14 21:06:50 -03 2019
 Inicializando o setup.
 Log : Fri Jun 14 21:13:40 -03 2019
 Inicializando o setup.
 Log : Fri Jun 14 21:14:25 -03 2019
 Inicializando o setup.
 Log : Fri Jun 14 21:15:33 -03 2019
 Inicializando o setup.
 Log : Fri Jun 14 21:16:27 -03 2019
 Inicializando o setup.
 Log : Fri Jun 14 21:17:42 -03 2019
 Inicializando o setup.
 Log : Fri Jun 14 21:18:39 -03 2019
 Inicializando o setup.
 Log : Fri Jun 14 21:20:40 -03 2019
 Inicializando o setup.
 Log : Fri Jun 14 21:21:12 -03 2019
 Inicializando o setup.
 Log : Fri Jun 14 21:22:04 -03 2019
 Inicializando o setup.
 Log : Fri Jun 14 21:23:33 -03 2019
 Inicializando o setup.
 Log : Fri Jun 14 21:24:14 -03 2019
 Inicializando o setup.
 Log : Fri Jun 14 21:26:17 -03 2019
 Inicializando o setup.
 Log : Fri Jun 14 21:27:25 -03 2019
 Inicializando o setup.
 Log : Fri Jun 14 21:28:59 -03 2019
 Inicializando o setup.
 Log : Fri Jun 14 21:29:35 -03 2019
 Inicializando o setup.
 Log : Fri Jun 14 21:29:49 -03 2019
 Inicializando o setup.
 Log : Fri Jun 14 21:30:34 -03 2019
 Inicializando o setup.
 Log : Fri Jun 14 21:31:40 -03 2019
 Inicializando o setup.
 Log : Fri Jun 14 21:32:05 -03 2019
 Inicializando o setup.
 Log : Fri Jun 14 21:33:55 -03 2019
 Inicializando o setup.
 Log : Fri Jun 14 21:36:44 -03 2019
 Inicializando o setup.
 Log : Fri Jun 14 21:39:22 -03 2019
 Inicializando o setup.
 Log : Fri Jun 14 21:39:44 -03 2019
 Inicializando o setup.
 Log : Fri Jun 14 21:42:05 -03 2019
 Inicializando o setup.
 Log : Fri Jun 14 21:43:20 -03 2019
 Inicializando o setup.
 Log : Fri Jun 14 21:45:55 -03 2019
 Inicializando o setup.
 Log : Fri Jun 14 21:48:44 -03 2019
 Inicializando o setup.
 Log : Fri Jun 14 22:09:54 -03 2019
 Inicializando o setup.
 Log : Fri Jun 14 22:10:13 -03 2019
 Inicializando o setup.
 Log : Fri Jun 14 22:11:26 -03 2019
 Inicializando o setup.
 Log : Fri Jun 14 22:11:38 -03 2019
 Inicializando o setup.
 Log : Fri Jun 14 22:12:03 -03 2019
 Inicializando o setup.
 Log : Fri Jun 14 22:18:50 -03 2019
 Inicializando o setup.
 Log : Fri Jun 14 22:28:20 -03 2019
 Inicializando o setup.
 Log : Fri Jun 14 22:28:39 -03 2019
 Inicializando o setup.
 Log : Fri Jun 14 22:28:57 -03 2019
 Inicializando o setup.
 Log : Fri Jun 14 22:29:18 -03 2019
 Inicializando o setup.
 Log : Fri Jun 14 22:34:01 -03 2019
 Inicializando o setup.
 Log : Fri Jun 14 22:36:49 -03 2019
 Inicializando o setup.
 Log : Fri Jun 14 22:44:08 -03 2019
 Inicializando o setup.
 Log : Sat Jun 15 06:21:59 -03 2019
 Inicializando o setup.
 Log : Sat Jun 15 06:22:55 -03 2019
 Inicializando o setup.
 Log : Sat Jun 15 06:24:01 -03 2019
 Inicializando o setup.
 Log : Sat Jun 15 06:24:34 -03 2019
 Inicializando o setup.
 Log : Sat Jun 15 06:24:47 -03 2019
 Inicializando o setup.
 Log : Sat Jun 15 06:30:09 -03 2019
 Inicializando o setup.
 Log : Sat Jun 15 06:30:37 -03 2019
 Inicializando o setup.
 Log : Sat Jun 15 06:31:24 -03 2019
 Inicializando o setup.
 Log : Sat Jun 15 06:32:44 -03 2019
 Inicializando o setup.
 Log : Sat Jun 15 06:33:40 -03 2019
 Inicializando o setup.
 Log : Sat Jun 15 06:34:00 -03 2019
 Inicializando o setup.
 Log : Sat Jun 15 06:36:11 -03 2019
 Inicializando o setup.
 Log : Sat Jun 15 06:36:36 -03 2019
 Inicializando o setup.
 Log : Sat Jun 15 06:36:42 -03 2019
 Inicializando o setup.
 Log : Sat Jun 15 06:38:59 -03 2019
 Inicializando o setup.
 Log : Sat Jun 15 06:40:03 -03 2019
 Inicializando o setup.
 Log : Sat Jun 15 06:40:43 -03 2019
 Inicializando o setup.
 Log : Sat Jun 15 06:41:05 -03 2019
 Inicializando o setup.
 Log : Sat Jun 15 06:49:02 -03 2019
 Inicializando o setup.
 Log : Sat Jun 15 06:51:37 -03 2019
 Inicializando o setup.
 Log : Sat Jun 15 06:52:25 -03 2019
 Inicializando o setup.
 Log : Sat Jun 15 06:53:53 -03 2019
 Inicializando o setup.
 Log : Sat Jun 15 06:54:41 -03 2019
 Inicializando o setup.
 Log : Sat Jun 15 06:55:15 -03 2019
 Inicializando o setup.
 Log : Sat Jun 15 06:56:25 -03 2019
 Inicializando o setup.
 Log : Sat Jun 15 06:56:49 -03 2019
 Inicializando o setup.
 Log : Sat Jun 15 06:56:53 -03 2019
 Inicializando o setup.
 Log : Sat Jun 15 06:58:40 -03 2019
 Inicializando o setup.
 Log : Sat Jun 15 06:59:20 -03 2019
 Inicializando o setup.
 Log : Sat Jun 15 07:01:40 -03 2019
 Inicializando o setup.
 Log : Sat Jun 15 07:01:53 -03 2019
 Inicializando o setup.
 Log : Sat Jun 15 07:02:32 -03 2019
 Inicializando o setup.
 Log : Sat Jun 15 07:04:58 -03 2019
 Inicializando o setup.
 Log : Sat Jun 15 07:05:44 -03 2019
 Inicializando o setup.
 Log : Sat Jun 15 07:06:34 -03 2019
 Inicializando o setup.
 Log : Sat Jun 15 07:07:46 -03 2019
 Inicializando o setup.
 Log : Sat Jun 15 07:09:35 -03 2019
 Inicializando o setup.
 Log : Sat Jun 15 07:11:06 -03 2019
 Inicializando o setup.
 Log : Sat Jun 15 07:13:24 -03 2019
 Inicializando o setup.
 Log : Sat Jun 15 07:13:58 -03 2019
 Inicializando o setup.
 Log : Sat Jun 15 07:14:31 -03 2019
 Inicializando o setup.
 Log : Sat Jun 15 07:19:55 -03 2019
 Inicializando o setup.
 Log : Sat Jun 15 07:21:19 -03 2019
 Inicializando o setup.
 Log : Sat Jun 15 07:22:13 -03 2019
 Inicializando o setup.
 Log : Sat Jun 15 07:22:39 -03 2019
 Inicializando o setup.
 Log : Sat Jun 15 07:24:31 -03 2019
 Inicializando o setup.
 Log : Sat Jun 15 07:26:10 -03 2019
 Inicializando o setup.
 Log : Sat Jun 15 07:26:13 -03 2019
 Inicializando o setup.
 Log : Sat Jun 15 07:29:26 -03 2019
 Inicializando o setup.
 Log : Sat Jun 15 07:30:04 -03 2019
 Inicializando o setup.
 Log : Sat Jun 15 07:31:48 -03 2019
 Inicializando o setup.
 Log : Sat Jun 15 07:33:06 -03 2019
 Inicializando o setup.
 Log : Sat Jun 15 07:33:51 -03 2019
 Inicializando o setup.
 Log : Sat Jun 15 07:37:48 -03 2019
 Inicializando o setup.
 Log : Sat Jun 15 07:38:08 -03 2019
 Inicializando o setup.
 Log : Sat Jun 15 07:40:44 -03 2019
 Inicializando o setup.
 Log : Sat Jun 15 07:45:57 -03 2019
 Inicializando o setup.
 Log : Sat Jun 15 07:50:07 -03 2019
 Inicializando o setup.
 Log : Sat Jun 15 08:37:10 -03 2019
 Inicializando o setup.
 Log : Sat Jun 15 08:37:38 -03 2019
 Inicializando o setup.
 Log : Sat Jun 15 08:37:40 -03 2019
 Inicializando o setup.
 Log : Sat Jun 15 08:37:52 -03 2019
 Inicializando o setup.
 Log : Sat Jun 15 08:57:14 -03 2019
 Inicializando o setup.
 Log : Sat Jun 15 08:58:29 -03 2019
 Inicializando o setup.
 Log : Sat Jun 15 08:59:40 -03 2019
 Inicializando o setup.
 Log : Sat Jun 15 09:00:34 -03 2019
 Inicializando o setup.
 Log : Sat Jun 15 09:01:48 -03 2019
 Inicializando o setup.
 Log : Sat Jun 15 09:02:25 -03 2019
 Inicializando o setup.
 Log : Sat Jun 15 09:02:40 -03 2019
 Inicializando o setup.
 Log : Sat Jun 15 09:03:46 -03 2019
 Inicializando o setup.
 Log : Sat Jun 15 09:07:50 -03 2019
 Inicializando o setup.
 Log : Sat Jun 15 09:10:37 -03 2019
 Inicializando o setup.
 Log : Sat Jun 15 09:11:43 -03 2019
 Inicializando o setup.
 Log : Sat Jun 15 09:18:50 -03 2019
 Inicializando o setup.
 Log : Sat Jun 15 09:19:16 -03 2019
 Inicializando o setup.
 Log : Sat Jun 15 09:21:51 -03 2019
 Inicializando o setup.
 Log : Sat Jun 15 09:44:23 -03 2019
 Inicializando o setup.
 Log : Sat Jun 15 09:45:42 -03 2019
 Inicializando o setup.
 Log : Sat Jun 15 09:46:10 -03 2019
 Inicializando o setup.
 Log : Sat Jun 15 09:47:12 -03 2019
 Inicializando o setup.
 Log : Sat Jun 15 09:47:50 -03 2019
 Inicializando o setup.
 Log : Sat Jun 15 09:48:17 -03 2019
 Inicializando o setup.
 Log : Sat Jun 15 09:48:59 -03 2019
 Inicializando o setup.
 Log : Sat Jun 15 09:51:16 -03 2019
 Inicializando o setup.
 Log : Sat Jun 15 10:50:11 -03 2019
 Inicializando o setup.
 Log : Sat Jun 15 10:52:20 -03 2019
 Inicializando o setup.
 Log : Sat Jun 15 10:59:03 -03 2019
 Inicializando o setup.
 Log : Sat Jun 15 11:01:41 -03 2019
 Inicializando o setup.
 Log : Sat Jun 15 11:14:35 -03 2019
 Inicializando o setup.
 Log : Sat Jun 15 11:16:36 -03 2019
 Inicializando o setup.
 Log : Sat Jun 15 11:20:27 -03 2019
 Inicializando o setup.
 Log : Sat Jun 15 11:33:32 -03 2019
 Inicializando o setup.
 Log : Sat Jun 15 11:35:35 -03 2019
 Inicializando o setup.
 Log : Sat Jun 15 11:37:09 -03 2019
 Inicializando o setup.
 Log : Sat Jun 15 11:39:34 -03 2019
 Inicializando o setup.
 Log : Sat Jun 15 11:40:05 -03 2019
 Inicializando o setup.
 Log : Sat Jun 15 11:40:48 -03 2019
 Inicializando o setup.
 Log : Sat Jun 15 11:41:18 -03 2019
 Inicializando o setup.
 Log : Sat Jun 15 11:44:42 -03 2019
 Inicializando o setup.
 Log : Sat Jun 15 11:47:13 -03 2019
 Inicializando o setup.
 Log : Sat Jun 15 11:49:20 -03 2019
 Inicializando o setup.
 Log : Sat Jun 15 11:51:00 -03 2019
 Inicializando o setup.
 Log : Sat Jun 15 12:07:04 -03 2019
 Inicializando o setup.
 Log : Sat Jun 15 12:09:56 -03 2019
 Inicializando o setup.
 Log : Sat Jun 15 12:34:51 -03 2019
 Inicializando o setup.
 Log : Sat Jun 15 12:36:33 -03 2019
 Inicializando o setup.
 Log : Sat Jun 15 12:39:00 -03 2019
 Inicializando o setup.
 Log : Sat Jun 15 12:40:39 -03 2019
 Inicializando o setup.
 Log : Sat Jun 15 12:41:07 -03 2019
 Inicializando o setup.
 Log : Sat Jun 15 12:53:38 -03 2019
 Inicializando o setup.
 Log : Sat Jun 15 13:15:50 -03 2019
 Inicializando o setup.
 Log : Sat Jun 15 13:18:21 -03 2019
 Inicializando o setup.
 Log : Sat Jun 15 13:22:46 -03 2019
 Inicializando o setup.
 Log : Sat Jun 15 13:34:59 -03 2019
 Inicializando o setup.
 Log : Sat Jun 15 13:36:31 -03 2019
 Inicializando o setup.
 Log : Sat Jun 15 13:37:04 -03 2019
 Inicializando o setup.
 Log : Sat Jun 15 13:41:15 -03 2019
 Inicializando o setup.
 Log : Sat Jun 15 13:59:08 -03 2019
 Inicializando o setup.
 Log : Sat Jun 15 14:04:56 -03 2019
 Inicializando o setup.
 Log : Sat Jun 15 14:12:38 -03 2019
 Inicializando o setup.
 Log : Sat Jun 15 14:13:36 -03 2019
 Inicializando o setup.
 Log : Sat Jun 15 14:15:30 -03 2019
 Inicializando o setup.
 Log : Sat Jun 15 14:16:52 -03 2019
 Inicializando o setup.
 Log : Sat Jun 15 15:37:39 -03 2019
 Inicializando o setup.
 Log : Sat Jun 15 15:40:22 -03 2019
 Inicializando o setup.
 Log : Sat Jun 15 17:53:10 -03 2019
 Inicializando o setup.
 Log : Sat Jun 15 17:55:04 -03 2019
 Inicializando o setup.
 Log : Sat Jun 15 17:56:23 -03 2019
 Inicializando o setup.
 Log : Sat Jun 15 17:59:41 -03 2019
 Inicializando o setup.
 Log : Sat Jun 15 18:02:45 -03 2019
 Inicializando o setup.
 Log : Sat Jun 15 18:03:07 -03 2019
 Inicializando o setup.
 Log : Sat Jun 15 18:09:33 -03 2019
 Inicializando o setup.
 Log : Sat Jun 15 18:20:55 -03 2019
 Inicializando o setup.
 Log : Sat Jun 15 18:24:14 -03 2019
 Inicializando o setup.
 Log : Sat Jun 15 18:26:28 -03 2019
 Inicializando o setup.
 Log : Sat Jun 15 18:27:23 -03 2019
 Inicializando o setup.
 Log : Sat Jun 15 19:54:52 -03 2019
 Inicializando o setup.
 Log : Sat Jun 15 20:16:57 -03 2019
 Inicializando o setup.
 Log : Sat Jun 15 20:28:10 -03 2019
 Inicializando o setup.
 Log : Sat Jun 15 20:31:49 -03 2019
 Inicializando o setup.
 Log : Sat Jun 15 20:41:41 -03 2019
 Inicializando o setup.
 Log : Sat Jun 15 20:44:20 -03 2019
 Inicializando o setup.
 Log : Sat Jun 15 20:45:20 -03 2019
 Inicializando o setup.
 Log : Sat Jun 15 22:02:33 -03 2019
 Inicializando o setup.
 Log : Sat Jun 15 22:03:19 -03 2019
 Inicializando o setup.
 Log : Sat Jun 15 22:04:47 -03 2019
 Inicializando o setup.
 Log : Sat Jun 15 22:07:28 -03 2019
 Inicializando o setup.
 Log : Sat Jun 15 22:44:28 -03 2019
 Inicializando o setup.
 Log : Sat Jun 15 22:50:36 -03 2019
 Inicializando o setup.
 Log : Sun Jun 16 18:31:05 -03 2019
 Inicializando o setup.
 Log : Sun Jun 16 18:35:41 -03 2019
 Inicializando o setup.
 Log : Sun Jun 16 18:37:11 -03 2019
 Inicializando o setup.
 Log : Sun Jun 16 18:40:29 -03 2019
 Inicializando o setup.
 Log : Sun Jun 16 18:40:51 -03 2019
 Inicializando o setup.
 Log : Sun Jun 16 18:47:47 -03 2019
 Inicializando o setup.
 Log : Sun Jun 16 18:50:22 -03 2019
 Inicializando o setup.
 Log : Sun Jun 16 18:50:39 -03 2019
 Inicializando o setup.
 Log : Sun Jun 16 18:51:39 -03 2019
 Inicializando o setup.
 Log : Sun Jun 16 18:52:13 -03 2019
 Inicializando o setup.
 Log : Sun Jun 16 18:54:05 -03 2019
 Inicializando o setup.
 Log : Sun Jun 16 18:55:07 -03 2019
 Inicializando o setup.
 Log : Sun Jun 16 18:56:17 -03 2019
 Inicializando o setup.
 Log : Sun Jun 16 18:56:30 -03 2019
 Inicializando o setup.
 Log : Sun Jun 16 18:56:55 -03 2019
 Inicializando o setup.
 Log : Sun Jun 16 18:58:16 -03 2019
 Inicializando o setup.
 Log : Sun Jun 16 19:00:08 -03 2019
 Inicializando o setup.
 Log : Sun Jun 16 19:10:11 -03 2019
 Inicializando o setup.
 Log : Sun Jun 16 19:10:54 -03 2019
 Inicializando o setup.
 Log : Sun Jun 16 19:12:39 -03 2019
 Inicializando o setup.
 Log : Sun Jun 16 19:16:24 -03 2019
 Inicializando o setup.
 Log : Sun Jun 16 19:17:21 -03 2019
 Inicializando o setup.
 Log : Sun Jun 16 19:18:13 -03 2019
 Inicializando o setup.
 Log : Sun Jun 16 19:18:41 -03 2019
 Inicializando o setup.
 Log : Sun Jun 16 19:18:58 -03 2019
 Inicializando o setup.
 Log : Sun Jun 16 19:19:40 -03 2019
 Inicializando o setup.
 Log : Sun Jun 16 19:20:06 -03 2019
 Inicializando o setup.
 Log : Sun Jun 16 19:20:51 -03 2019
 Inicializando o setup.
 Log : Sun Jun 16 19:28:33 -03 2019
 Inicializando o setup.
 Log : Sun Jun 16 19:29:50 -03 2019
 Inicializando o setup.
 Log : Sun Jun 16 22:00:34 -03 2019
 Inicializando o setup.
 Log : Sun Jun 16 22:00:59 -03 2019
 Inicializando o setup.
 Log : Mon Jun 17 01:50:16 -03 2019
 Inicializando o setup.
 Log : Mon Jun 17 01:54:59 -03 2019
 Inicializando o setup.
 Log : Mon Jun 17 01:55:26 -03 2019
 Inicializando o setup.
 Log : Mon Jun 17 01:57:09 -03 2019
 Inicializando o setup.
 Log : Mon Jun 17 01:59:04 -03 2019
 Inicializando o setup.
 Log : Mon Jun 17 02:15:01 -03 2019
 Inicializando o setup.
 Log : Mon Jun 17 02:16:00 -03 2019
 Inicializando o setup.
 Log : Mon Jun 17 02:19:59 -03 2019
 Inicializando o setup.
 Log : Mon Jun 17 02:21:46 -03 2019
 Inicializando o setup.
 Log : Mon Jun 17 02:22:30 -03 2019
 Inicializando o setup.
 Log : Mon Jun 17 02:26:41 -03 2019
 Inicializando o setup.
 Log : Mon Jun 17 02:27:00 -03 2019
 Inicializando o setup.
 Log : Mon Jun 17 02:27:33 -03 2019
 Inicializando o setup.
 Log : Mon Jun 17 07:30:01 -03 2019
 Inicializando o setup.
 Log : Mon Jun 17 07:31:43 -03 2019
 Inicializando o setup.
 Log : Mon Jun 17 07:35:36 -03 2019
 Inicializando o setup.
 Log : Mon Jun 17 07:36:42 -03 2019
 Inicializando o setup.
 Log : Mon Jun 17 07:37:53 -03 2019
 Inicializando o setup.
 Log : Mon Jun 17 07:38:43 -03 2019
 Inicializando o setup.
 Log : Mon Jun 17 07:43:37 -03 2019
 Inicializando o setup.
 Log : Mon Jun 17 07:44:42 -03 2019
 Inicializando o setup.
 Log : Mon Jun 17 07:45:37 -03 2019
 Inicializando o setup.
 Log : Mon Jun 17 07:48:10 -03 2019
 Inicializando o setup.
 Log : Mon Jun 17 07:50:03 -03 2019
 Inicializando o setup.
 Log : Mon Jun 17 09:24:52 -03 2019
 Inicializando o setup.
 Log : Mon Jun 17 09:58:19 -03 2019
 Inicializando o setup.
 Log : Mon Jun 17 10:11:26 -03 2019
 Inicializando o setup.
 Log : Mon Jun 17 13:16:49 -03 2019
 Inicializando o setup.
 Log : Mon Jun 17 13:23:02 -03 2019
 Inicializando o setup.
 Log : Mon Jun 17 13:25:20 -03 2019
 Inicializando o setup.
 Log : Mon Jun 17 13:40:02 -03 2019
 Inicializando o setup.
 Log : Mon Jun 17 13:57:13 -03 2019
 Inicializando o setup.
 Log : Mon Jun 17 14:21:59 -03 2019
 Inicializando o setup.
 Log : Mon Jun 17 14:40:49 -03 2019
 Inicializando o setup.
 Log : Mon Jun 17 14:50:38 -03 2019
 Inicializando o setup.
 Log : Mon Jun 17 14:53:52 -03 2019
 Inicializando o setup.
 Log : Mon Jun 17 14:57:25 -03 2019
 Inicializando o setup.
 Log : Mon Jun 17 14:59:19 -03 2019
 Inicializando o setup.
 Log : Mon Jun 17 15:03:22 -03 2019
 Inicializando o setup.
 Log : Mon Jun 17 15:05:17 -03 2019
 Inicializando o setup.
 Log : Mon Jun 17 15:06:32 -03 2019
 Inicializando o setup.
 Log : Mon Jun 17 15:08:39 -03 2019
 Inicializando o setup.
 Log : Mon Jun 17 15:10:23 -03 2019
 Inicializando o setup.
 Log : Mon Jun 17 15:13:53 -03 2019
 Inicializando o setup.
 Log : Mon Jun 17 15:15:55 -03 2019
 Inicializando o setup.
 Log : Mon Jun 17 15:17:11 -03 2019
 Inicializando o setup.
 Log : Mon Jun 17 15:17:45 -03 2019
 Inicializando o setup.
 Log : Mon Jun 17 15:18:37 -03 2019
 Inicializando o setup.
 Log : Mon Jun 17 15:22:30 -03 2019
 Inicializando o setup.
 Log : Mon Jun 17 15:22:58 -03 2019
 Inicializando o setup.
 Log : Mon Jun 17 15:24:44 -03 2019
 Inicializando o setup.
 Log : Mon Jun 17 15:31:51 -03 2019
 Inicializando o setup.
 Log : Mon Jun 17 15:36:50 -03 2019
 Inicializando o setup.
 Log : Mon Jun 17 15:38:52 -03 2019
 Inicializando o setup.
 Log : Mon Jun 17 15:39:51 -03 2019
 Inicializando o setup.
 Log : Mon Jun 17 15:40:56 -03 2019
 Inicializando o setup.
 Log : Mon Jun 17 15:49:42 -03 2019
 Inicializando o setup.
 Log : Mon Jun 17 15:57:47 -03 2019
 Inicializando o setup.
 Log : Mon Jun 17 16:39:28 -03 2019
 Inicializando o setup.
 Log : Mon Jun 17 16:41:58 -03 2019
 Inicializando o setup.
 Log : Mon Jun 17 16:44:22 -03 2019
 Inicializando o setup.
 Log : Mon Jun 17 16:45:08 -03 2019
 Inicializando o setup.
 Log : Mon Jun 17 16:45:45 -03 2019
 Inicializando o setup.
 Log : Mon Jun 17 16:46:39 -03 2019
 Inicializando o setup.
 Log : Mon Jun 17 16:49:20 -03 2019
 Inicializando o setup.
 Log : Mon Jun 17 19:07:45 -03 2019
 Inicializando o setup.
 Log : Mon Jun 17 19:12:06 -03 2019
 Inicializando o setup.
 Log : Mon Jun 17 19:18:44 -03 2019
 Inicializando o setup.
 Log : Mon Jun 17 19:21:25 -03 2019
 Inicializando o setup.
 Log : Mon Jun 17 19:22:22 -03 2019
 Inicializando o setup.
 Log : Mon Jun 17 19:24:13 -03 2019
 Inicializando o setup.
 Log : Mon Jun 17 19:24:34 -03 2019
 Inicializando o setup.
 Log : Mon Jun 17 19:30:56 -03 2019
 Inicializando o setup.
 Log : Mon Jun 17 19:38:12 -03 2019
 Inicializando o setup.
 Log : Mon Jun 17 19:43:38 -03 2019
 Inicializando o setup.
 Log : Mon Jun 17 19:47:22 -03 2019
 Inicializando o setup.
 Log : Mon Jun 17 19:48:10 -03 2019
 Inicializando o setup.
 Log : Mon Jun 17 19:54:52 -03 2019
 Inicializando o setup.
 Log : Mon Jun 17 19:58:38 -03 2019
 Inicializando o setup.
 Log : Mon Jun 17 20:00:29 -03 2019
 Inicializando o setup.
 Log : Mon Jun 17 20:01:09 -03 2019
 Inicializando o setup.
 Log : Mon Jun 17 20:02:51 -03 2019
 Inicializando o setup.
 Log : Mon Jun 17 20:07:53 -03 2019
 Inicializando o setup.
 Log : Mon Jun 17 20:09:45 -03 2019
 Inicializando o setup.
 Log : Mon Jun 17 20:18:39 -03 2019
 Inicializando o setup.
 Log : Mon Jun 17 20:23:27 -03 2019
 Inicializando o setup.
 Log : Mon Jun 17 20:25:59 -03 2019
 Inicializando o setup.
 Log : Mon Jun 17 20:37:08 -03 2019
 Inicializando o setup.
 Log : Tue Jun 18 06:03:08 -03 2019
 Inicializando o setup.
 Log : Tue Jun 18 07:03:01 -03 2019
 Inicializando o setup.
 Log : Tue Jun 18 07:06:20 -03 2019
 Inicializando o setup.
 Log : Tue Jun 18 07:08:34 -03 2019
 Inicializando o setup.
 Log : Tue Jun 18 07:10:42 -03 2019
 Inicializando o setup.
 Log : Tue Jun 18 07:11:50 -03 2019
 Inicializando o setup.
 Log : Tue Jun 18 07:14:15 -03 2019
 Inicializando o setup.
 Log : Tue Jun 18 07:22:38 -03 2019
 Inicializando o setup.
 Log : Tue Jun 18 07:23:58 -03 2019
 Inicializando o setup.
 Log : Tue Jun 18 07:24:57 -03 2019
 Inicializando o setup.
 Log : Tue Jun 18 07:25:27 -03 2019
 Inicializando o setup.
 Log : Tue Jun 18 07:26:03 -03 2019
 Inicializando o setup.
 Log : Tue Jun 18 07:28:16 -03 2019
 Inicializando o setup.
 Log : Tue Jun 18 07:29:27 -03 2019
 Inicializando o setup.
 Log : Tue Jun 18 07:30:37 -03 2019
 Inicializando o setup.
 Log : Tue Jun 18 07:34:47 -03 2019
 Inicializando o setup.
 Log : Tue Jun 18 09:02:36 -03 2019
 Inicializando o setup.
 Log : Tue Jun 18 12:00:10 -03 2019
 Inicializando o setup.
 Log : Tue Jun 18 12:03:17 -03 2019
 Inicializando o setup.
 Log : Tue Jun 18 13:12:55 -03 2019
 Inicializando o setup.
 Log : Tue Jun 18 18:18:56 -03 2019
 Inicializando o setup.
 Log : Tue Jun 18 18:21:18 -03 2019
 Inicializando o setup.
 Log : Tue Jun 18 18:21:45 -03 2019
 Inicializando o setup.
 Log : Tue Jun 18 18:22:01 -03 2019
 Inicializando o setup.
 Log : Tue Jun 18 18:22:55 -03 2019
 Inicializando o setup.
 Log : Tue Jun 18 18:25:10 -03 2019
 Inicializando o setup.
 Log : Tue Jun 18 18:25:55 -03 2019
 Inicializando o setup.
 Log : Tue Jun 18 18:26:16 -03 2019
 Inicializando o setup.
 Log : Tue Jun 18 18:28:14 -03 2019
 Inicializando o setup.
 Log : Tue Jun 18 18:29:12 -03 2019
 Inicializando o setup.
 Log : Tue Jun 18 18:29:50 -03 2019
 Inicializando o setup.
 Log : Tue Jun 18 18:50:04 -03 2019
 Inicializando o setup.
 Log : Tue Jun 18 18:50:34 -03 2019
 Inicializando o setup.
 Log : Tue Jun 18 18:51:41 -03 2019
 Inicializando o setup.
 Log : Tue Jun 18 18:53:20 -03 2019
 Inicializando o setup.
 Log : Tue Jun 18 18:56:23 -03 2019
 Inicializando o setup.
 Log : Tue Jun 18 19:00:21 -03 2019
 Inicializando o setup.
 Log : Tue Jun 18 19:00:48 -03 2019
 Inicializando o setup.
 Log : Tue Jun 18 19:05:41 -03 2019
 Inicializando o setup.
 Log : Tue Jun 18 19:06:32 -03 2019
 Inicializando o setup.
 Log : Tue Jun 18 19:08:07 -03 2019
 Inicializando o setup.
 Log : Tue Jun 18 19:11:00 -03 2019
 Inicializando o setup.
 Log : Tue Jun 18 19:19:56 -03 2019
 Inicializando o setup.
 Log : Tue Jun 18 19:23:07 -03 2019
 Inicializando o setup.
 Log : Tue Jun 18 19:29:23 -03 2019
 Inicializando o setup.
 Log : Tue Jun 18 19:31:20 -03 2019
 Inicializando o setup.
 Log : Tue Jun 18 19:34:59 -03 2019
 Inicializando o setup.
 Log : Tue Jun 18 19:36:08 -03 2019
 Inicializando o setup.
 Log : Tue Jun 18 19:57:06 -03 2019
 Inicializando o setup.
 Log : Tue Jun 18 20:03:55 -03 2019
 Inicializando o setup.
 Log : Tue Jun 18 20:10:15 -03 2019
 Inicializando o setup.
 Log : Tue Jun 18 20:17:05 -03 2019
 Inicializando o setup.
 Log : Tue Jun 18 20:29:18 -03 2019
 Inicializando o setup.
 Log : Tue Jun 18 20:30:58 -03 2019
 Inicializando o setup.
 Log : Tue Jun 18 20:32:15 -03 2019
 Inicializando o setup.
 Log : Tue Jun 18 20:33:51 -03 2019
 Inicializando o setup.
 Log : Tue Jun 18 20:35:04 -03 2019
 Inicializando o setup.
 Log : Tue Jun 18 20:37:28 -03 2019
 Inicializando o setup.
 Log : Tue Jun 18 20:39:38 -03 2019
 Inicializando o setup.
 Log : Tue Jun 18 20:40:47 -03 2019
 Inicializando o setup.
 Log : Tue Jun 18 21:06:31 -03 2019
 Inicializando o setup.
 Log : Tue Jun 18 21:23:56 -03 2019
 Inicializando o setup.
 Log : Tue Jun 18 21:24:56 -03 2019
 Inicializando o setup.
 Log : Tue Jun 18 21:27:37 -03 2019
 Inicializando o setup.
 Log : Tue Jun 18 22:00:16 -03 2019
 Inicializando o setup.
 Log : Tue Jun 18 22:01:06 -03 2019
 Inicializando o setup.
 Log : Tue Jun 18 22:03:30 -03 2019
 Inicializando o setup.
 Log : Tue Jun 18 22:03:59 -03 2019
 Inicializando o setup.
 Log : Thu Jun 20 20:45:10 -03 2019
 Inicializando o setup.
 Log : Thu Jun 20 20:46:17 -03 2019
 Inicializando o setup.
 Log : Thu Jun 20 20:48:35 -03 2019
 Inicializando o setup.
 Log : Thu Jun 20 20:55:23 -03 2019
 Inicializando o setup.
 Log : Thu Jun 20 20:58:20 -03 2019
 Inicializando o setup.
 Log : Thu Jun 20 20:59:32 -03 2019
 Inicializando o setup.
 Log : Thu Jun 20 21:01:33 -03 2019
 Inicializando o setup.
 Log : Thu Jun 20 21:01:41 -03 2019
 Inicializando o setup.
 Log : Fri Jun 21 06:24:17 -03 2019
 Inicializando o setup.
 Log : Fri Jun 21 06:40:55 -03 2019
 Inicializando o setup.
 Log : Fri Jun 21 07:14:58 -03 2019
 Inicializando o setup.
 Log : Fri Jun 21 09:05:48 -03 2019
 Inicializando o setup.
 Log : Fri Jun 21 09:06:53 -03 2019
 Inicializando o setup.
 Log : Fri Jun 21 09:08:13 -03 2019
 Inicializando o setup.
 Log : Fri Jun 21 12:17:52 -03 2019
 Inicializando o setup.
 Log : Fri Jun 21 12:18:30 -03 2019
 Inicializando o setup.
 Log : Fri Jun 21 13:11:37 -03 2019
 Inicializando o setup.
 Log : Fri Jun 21 13:12:59 -03 2019
 Inicializando o setup.
 Log : Fri Jun 21 13:13:32 -03 2019
 Inicializando o setup.
 Log : Fri Jun 21 13:16:30 -03 2019
 Inicializando o setup.
 Log : Fri Jun 21 13:17:44 -03 2019
 Inicializando o setup.
 Log : Fri Jun 21 13:18:37 -03 2019
 Inicializando o setup.
 Log : Fri Jun 21 13:21:42 -03 2019
 Inicializando o setup.
 Log : Fri Jun 21 13:23:39 -03 2019
 Inicializando o setup.
 Log : Fri Jun 21 13:25:32 -03 2019
 Inicializando o setup.
 Log : Fri Jun 21 13:29:06 -03 2019
 Inicializando o setup.
 Log : Fri Jun 21 13:32:00 -03 2019
 Inicializando o setup.
 Log : Fri Jun 21 13:32:18 -03 2019
 Inicializando o setup.
 Log : Fri Jun 21 13:32:36 -03 2019
 Inicializando o setup.
 Log : Fri Jun 21 13:37:16 -03 2019
 Inicializando o setup.
 Log : Fri Jun 21 13:37:39 -03 2019
 Inicializando o setup.
 Log : Fri Jun 21 13:38:01 -03 2019
 Inicializando o setup.
 Log : Fri Jun 21 13:38:08 -03 2019
 Inicializando o setup.
 Log : Fri Jun 21 13:38:45 -03 2019
 Inicializando o setup.
 Log : Fri Jun 21 13:38:59 -03 2019
 Inicializando o setup.
 Log : Fri Jun 21 13:41:05 -03 2019
 Inicializando o setup.
 Log : Fri Jun 21 13:41:20 -03 2019
 Inicializando o setup.
 Log : Fri Jun 21 14:02:46 -03 2019
 Inicializando o setup.
 Log : Fri Jun 21 14:08:30 -03 2019
 Inicializando o setup.
 Log : Fri Jun 21 14:16:06 -03 2019
 Inicializando o setup.
 Log : Fri Jun 21 14:21:26 -03 2019
 Inicializando o setup.
 Log : Fri Jun 21 14:21:45 -03 2019
 Inicializando o setup.
 Log : Fri Jun 21 14:22:14 -03 2019
 Inicializando o setup.
 Log : Fri Jun 21 14:43:10 -03 2019
 Inicializando o setup.
 Log : Fri Jun 21 14:43:48 -03 2019
 Inicializando o setup.
 Log : Fri Jun 21 14:47:56 -03 2019
 Inicializando o setup.
 Log : Fri Jun 21 14:49:28 -03 2019
 Inicializando o setup.
 Log : Fri Jun 21 14:55:32 -03 2019
 Inicializando o setup.
 Log : Fri Jun 21 15:00:57 -03 2019
 Inicializando o setup.
 Log : Fri Jun 21 15:01:16 -03 2019
 Inicializando o setup.
 Log : Fri Jun 21 17:18:59 -03 2019
 Inicializando o setup.
 Log : Fri Jun 21 17:19:17 -03 2019
 Inicializando o setup.
 Log : Fri Jun 21 17:19:38 -03 2019
 Inicializando o setup.
 Log : Fri Jun 21 17:21:04 -03 2019
 Inicializando o setup.
 Log : Fri Jun 21 17:21:14 -03 2019
 Inicializando o setup.
 Log : Fri Jun 21 17:30:37 -03 2019
 Inicializando o setup.
 Log : Fri Jun 21 17:30:47 -03 2019
 Inicializando o setup.
 Log : Fri Jun 21 17:37:09 -03 2019
 Inicializando o setup.
 Log : Fri Jun 21 17:38:36 -03 2019
 Inicializando o setup.
 Log : Fri Jun 21 17:40:18 -03 2019
 Inicializando o setup.
 Log : Fri Jun 21 18:52:35 -03 2019
 Inicializando o setup.
 Log : Fri Jun 21 18:55:26 -03 2019
 Inicializando o setup.
 Log : Fri Jun 21 18:59:57 -03 2019
 Inicializando o setup.
 Log : Fri Jun 21 19:00:37 -03 2019
 Inicializando o setup.
 Log : Fri Jun 21 19:06:58 -03 2019
 Inicializando o setup.
 Log : Fri Jun 21 19:07:33 -03 2019
 Inicializando o setup.
 Log : Fri Jun 21 19:10:13 -03 2019
 Inicializando o setup.
 Log : Fri Jun 21 19:10:48 -03 2019
 Inicializando o setup.
 Log : Fri Jun 21 19:11:13 -03 2019
 Inicializando o setup.
 Log : Fri Jun 21 19:11:21 -03 2019
 Inicializando o setup.
 Log : Fri Jun 21 19:17:56 -03 2019
 Inicializando o setup.
 Log : Fri Jun 21 19:33:58 -03 2019
 Inicializando o setup.
 Log : Fri Jun 21 19:38:20 -03 2019
 Inicializando o setup.
 Log : Fri Jun 21 19:51:07 -03 2019
 Inicializando o setup.
 Log : Fri Jun 21 20:05:27 -03 2019
 Inicializando o setup.
 Log : Fri Jun 21 20:17:20 -03 2019
 Inicializando o setup.
 Log : Fri Jun 21 20:20:28 -03 2019
 Inicializando o setup.
 Log : Fri Jun 21 20:38:44 -03 2019
 Inicializando o setup.
 Log : Fri Jun 21 20:41:29 -03 2019
 Inicializando o setup.
 Log : Fri Jun 21 20:43:26 -03 2019
 Inicializando o setup.
 Log : Fri Jun 21 20:44:16 -03 2019
 Inicializando o setup.
 Log : Fri Jun 21 20:46:01 -03 2019
 Inicializando o setup.
 Log : Fri Jun 21 20:46:58 -03 2019
 Inicializando o setup.
 Log : Fri Jun 21 20:47:59 -03 2019
 Inicializando o setup.
 Log : Fri Jun 21 20:53:42 -03 2019
 Inicializando o setup.
 Log : Fri Jun 21 20:59:38 -03 2019
 Inicializando o setup.
 Log : Fri Jun 21 21:03:33 -03 2019
 Inicializando o setup.
 Log : Fri Jun 21 21:04:38 -03 2019
 Inicializando o setup.
 Log : Fri Jun 21 21:06:20 -03 2019
 Inicializando o setup.
 Log : Fri Jun 21 21:11:38 -03 2019
 Inicializando o setup.
 Log : Fri Jun 21 22:09:51 -03 2019
 Inicializando o setup.
 Log : Fri Jun 21 22:14:24 -03 2019
 Inicializando o setup.
 Log : Fri Jun 21 22:15:00 -03 2019
 Inicializando o setup.
 Log : Fri Jun 21 22:38:06 -03 2019
 Inicializando o setup.
 Log : Fri Jun 21 23:17:11 -03 2019
 Inicializando o setup.
 Log : Fri Jun 21 23:17:54 -03 2019
 Inicializando o setup.
 Log : Fri Jun 21 23:18:17 -03 2019
 Inicializando o setup.
 Log : Fri Jun 21 23:18:53 -03 2019
 Inicializando o setup.
 Log : Fri Jun 21 23:19:11 -03 2019
 Inicializando o setup.
 Log : Fri Jun 21 23:24:51 -03 2019
 Inicializando o setup.
 Log : Fri Jun 21 23:26:02 -03 2019
 Inicializando o setup.
 Log : Sat Jun 22 05:04:20 -03 2019
 Inicializando o setup.
 Log : Sat Jun 22 05:04:43 -03 2019
 Inicializando o setup.
 Log : Sat Jun 22 06:35:10 -03 2019
 Inicializando o setup.
 Log : Sat Jun 22 06:41:28 -03 2019
 Inicializando o setup.
 Log : Sat Jun 22 06:47:10 -03 2019
 Inicializando o setup.
 Log : Sat Jun 22 06:47:38 -03 2019
 Inicializando o setup.
 Log : Sat Jun 22 06:47:59 -03 2019
 Inicializando o setup.
 Log : Sat Jun 22 06:52:20 -03 2019
 Inicializando o setup.
 Log : Sat Jun 22 06:54:47 -03 2019
 Inicializando o setup.
 Log : Sat Jun 22 06:56:21 -03 2019
 Inicializando o setup.
 Log : Sat Jun 22 06:57:04 -03 2019
 Inicializando o setup.
 Log : Sat Jun 22 07:05:38 -03 2019
 Inicializando o setup.
 Log : Sat Jun 22 07:06:14 -03 2019
 Inicializando o setup.
 Log : Sat Jun 22 07:07:45 -03 2019
 Inicializando o setup.
 Log : Sat Jun 22 07:07:56 -03 2019
 Inicializando o setup.
 Log : Sat Jun 22 07:13:42 -03 2019
 Inicializando o setup.
 Log : Sat Jun 22 07:17:54 -03 2019
 Inicializando o setup.
 Log : Sat Jun 22 08:11:25 -03 2019
 Inicializando o setup.
 Log : Sat Jun 22 08:16:22 -03 2019
 Inicializando o setup.
 Log : Sat Jun 22 10:17:10 -03 2019
 Inicializando o setup.
 Log : Sat Jun 22 10:27:28 -03 2019
 Inicializando o setup.
 Log : Sat Jun 22 10:27:51 -03 2019
 Inicializando o setup.
 Log : Sat Jun 22 10:29:47 -03 2019
 Inicializando o setup.
 Log : Sat Jun 22 10:32:05 -03 2019
 Inicializando o setup.
 Log : Sat Jun 22 10:47:50 -03 2019
 Inicializando o setup.
 Log : Sat Jun 22 10:55:07 -03 2019
 Inicializando o setup.
 Log : Sat Jun 22 11:08:58 -03 2019
 Inicializando o setup.
 Log : Sat Jun 22 11:09:37 -03 2019
 Inicializando o setup.
 Log : Sat Jun 22 11:16:08 -03 2019
 Inicializando o setup.
 Log : Sat Jun 22 11:16:17 -03 2019
 Inicializando o setup.
 Log : Sat Jun 22 11:19:15 -03 2019
 Inicializando o setup.
 Log : Sat Jun 22 11:20:33 -03 2019
 Inicializando o setup.
 Log : Sat Jun 22 11:37:06 -03 2019
 Inicializando o setup.
 Log : Sat Jun 22 11:40:56 -03 2019
 Inicializando o setup.
 Log : Sat Jun 22 11:41:58 -03 2019
 Inicializando o setup.
 Log : Sat Jun 22 11:42:55 -03 2019
 Inicializando o setup.
 Log : Sat Jun 22 11:46:18 -03 2019
 Inicializando o setup.
 Log : Sat Jun 22 11:46:49 -03 2019
 Inicializando o setup.
 Log : Sat Jun 22 11:51:47 -03 2019
 Inicializando o setup.
 Log : Sat Jun 22 11:52:07 -03 2019
 Inicializando o setup.
 Log : Sat Jun 22 11:52:53 -03 2019
 Inicializando o setup.
 Log : Sat Jun 22 11:57:47 -03 2019
 Inicializando o setup.
 Log : Sat Jun 22 12:01:25 -03 2019
 Inicializando o setup.
 Log : Sat Jun 22 12:21:14 -03 2019
 Inicializando o setup.
 Log : Sat Jun 22 12:21:41 -03 2019
 Inicializando o setup.
 Log : Sat Jun 22 12:22:05 -03 2019
 Inicializando o setup.
 Log : Sat Jun 22 12:24:58 -03 2019
 Inicializando o setup.
 Log : Sat Jun 22 12:28:28 -03 2019
 Inicializando o setup.
 Log : Sat Jun 22 12:39:30 -03 2019
 Inicializando o setup.
 Log : Sat Jun 22 12:47:03 -03 2019
 Inicializando o setup.
 Log : Sat Jun 22 12:51:49 -03 2019
 Inicializando o setup.
 Log : Sat Jun 22 12:59:54 -03 2019
 Inicializando o setup.
 Log : Sat Jun 22 13:28:26 -03 2019
 Inicializando o setup.
 Log : Sat Jun 22 13:29:14 -03 2019
 Inicializando o setup.
 Log : Sat Jun 22 13:30:45 -03 2019
 Inicializando o setup.
 Log : Sat Jun 22 13:31:19 -03 2019
 Inicializando o setup.
 Log : Sat Jun 22 13:34:25 -03 2019
 Inicializando o setup.
 Log : Sat Jun 22 13:39:20 -03 2019
 Inicializando o setup.
 Log : Sat Jun 22 13:42:41 -03 2019
 Inicializando o setup.
 Log : Sat Jun 22 13:50:16 -03 2019
 Inicializando o setup.
 Log : Sat Jun 22 14:12:02 -03 2019
 Inicializando o setup.
 Log : Sat Jun 22 14:16:23 -03 2019
 Inicializando o setup.
 Log : Sat Jun 22 14:17:10 -03 2019
 Inicializando o setup.
 Log : Sat Jun 22 14:25:53 -03 2019
 Inicializando o setup.
 Log : Sat Jun 22 14:26:23 -03 2019
 Inicializando o setup.
 Log : Sat Jun 22 14:45:09 -03 2019
 Inicializando o setup.
 Log : Sat Jun 22 14:50:01 -03 2019
 Inicializando o setup.
 Log : Sat Jun 22 14:53:48 -03 2019
 Inicializando o setup.
 Log : Sat Jun 22 14:55:16 -03 2019
 Inicializando o setup.
 Log : Sat Jun 22 14:57:54 -03 2019
 Inicializando o setup.
 Log : Sat Jun 22 15:04:05 -03 2019
 Inicializando o setup.
 Log : Sat Jun 22 15:07:24 -03 2019
 Inicializando o setup.
 Log : Sat Jun 22 16:16:29 -03 2019
 Inicializando o setup.
 Log : Sat Jun 22 16:17:03 -03 2019
 Inicializando o setup.
 Log : Sat Jun 22 16:17:17 -03 2019
 Inicializando o setup.
 Log : Sat Jun 22 16:22:19 -03 2019
 Inicializando o setup.
 Log : Sat Jun 22 16:49:06 -03 2019
 Inicializando o setup.
 Log : Sat Jun 22 16:49:09 -03 2019
 Inicializando o setup.
 Log : Sat Jun 22 16:55:30 -03 2019
 Inicializando o setup.
 Log : Sat Jun 22 16:55:42 -03 2019
 Inicializando o setup.
 Log : Sat Jun 22 16:57:07 -03 2019
 Inicializando o setup.
 Log : Sat Jun 22 16:57:16 -03 2019
 Inicializando o setup.
 Log : Sat Jun 22 16:59:21 -03 2019
 Inicializando o setup.
 Log : Sat Jun 22 17:00:35 -03 2019
 Inicializando o setup.
 Log : Sat Jun 22 17:02:14 -03 2019
 Inicializando o setup.
 Log : Sat Jun 22 17:03:30 -03 2019
 Inicializando o setup.
 Log : Sat Jun 22 17:07:44 -03 2019
 Inicializando o setup.
 Log : Sat Jun 22 17:16:23 -03 2019
 Inicializando o setup.
 Log : Sat Jun 22 17:20:28 -03 2019
 Inicializando o setup.
 Log : Sat Jun 22 17:26:21 -03 2019
 Inicializando o setup.
 Log : Sat Jun 22 17:26:27 -03 2019
 Inicializando o setup.
 Log : Sat Jun 22 17:27:21 -03 2019
 Inicializando o setup.
 Log : Sat Jun 22 17:28:23 -03 2019
 Inicializando o setup.
 Log : Sat Jun 22 17:31:24 -03 2019
 Inicializando o setup.
 Log : Sat Jun 22 17:33:27 -03 2019
 Inicializando o setup.
 Log : Sat Jun 22 17:33:35 -03 2019
 Inicializando o setup.
 Log : Sat Jun 22 17:54:31 -03 2019
 Inicializando o setup.
 Log : Sat Jun 22 17:55:22 -03 2019
 Inicializando o setup.
 Log : Sat Jun 22 18:18:42 -03 2019
 Inicializando o setup.
 Log : Sat Jun 22 18:24:36 -03 2019
 Inicializando o setup.
 Log : Sat Jun 22 18:25:45 -03 2019
 Inicializando o setup.
 Log : Sat Jun 22 18:27:00 -03 2019
 Inicializando o setup.
 Log : Sat Jun 22 18:29:50 -03 2019
 Inicializando o setup.
 Log : Sat Jun 22 18:43:41 -03 2019
 Inicializando o setup.
 Log : Sat Jun 22 18:44:21 -03 2019
 Inicializando o setup.
 Log : Sat Jun 22 18:45:20 -03 2019
 Inicializando o setup.
 Log : Sat Jun 22 18:46:16 -03 2019
 Inicializando o setup.
 Log : Sat Jun 22 19:02:39 -03 2019
 Inicializando o setup.
 Log : Sat Jun 22 19:04:47 -03 2019
 Inicializando o setup.
 Log : Sat Jun 22 19:08:53 -03 2019
 Inicializando o setup.
 Log : Sat Jun 22 19:31:36 -03 2019
 Inicializando o setup.
 Log : Sat Jun 22 19:38:27 -03 2019
 Inicializando o setup.
 Log : Sat Jun 22 19:41:47 -03 2019
 Inicializando o setup.
 Log : Sat Jun 22 19:44:10 -03 2019
 Inicializando o setup.
 Log : Sun Jun 23 00:17:30 -03 2019
 Inicializando o setup.
 Log : Sun Jun 23 00:24:03 -03 2019
 Inicializando o setup.
 Log : Sun Jun 23 00:31:51 -03 2019
 Inicializando o setup.
 Log : Sun Jun 23 11:44:36 -03 2019
 Inicializando o setup.
 Log : Sun Jun 23 11:48:27 -03 2019
 Inicializando o setup.
 Log : Sun Jun 23 11:54:09 -03 2019
 Inicializando o setup.
 Log : Sun Jun 23 12:00:12 -03 2019
 Inicializando o setup.
 Log : Sun Jun 23 12:07:59 -03 2019
 Inicializando o setup.
 Log : Sun Jun 23 12:29:14 -03 2019
 Inicializando o setup.
 Log : Sun Jun 23 12:43:42 -03 2019
 Inicializando o setup.
 Log : Sun Jun 23 13:03:27 -03 2019
 Inicializando o setup.
 Log : Sun Jun 23 13:09:53 -03 2019
 Inicializando o setup.
 Log : Sun Jun 23 13:10:53 -03 2019
 Inicializando o setup.
 Log : Sun Jun 23 13:10:55 -03 2019
 Inicializando o setup.
 Log : Sun Jun 23 13:16:31 -03 2019
 Inicializando o setup.
 Log : Sun Jun 23 13:31:10 -03 2019
 Inicializando o setup.
 Log : Sun Jun 23 14:07:12 -03 2019
 Inicializando o setup.
 Log : Sun Jun 23 14:08:10 -03 2019
 Inicializando o setup.
 Log : Sun Jun 23 14:23:15 -03 2019
 Inicializando o setup.
 Log : Sun Jun 23 15:11:22 -03 2019
 Inicializando o setup.
 Log : Sun Jun 23 15:33:20 -03 2019
 Inicializando o setup.
 Log : Sun Jun 23 15:35:40 -03 2019
 Inicializando o setup.
 Log : Sun Jun 23 15:36:00 -03 2019
 Inicializando o setup.
 Log : Sun Jun 23 15:36:27 -03 2019
 Inicializando o setup.
 Log : Sun Jun 23 15:39:32 -03 2019
 Inicializando o setup.
 Log : Sun Jun 23 15:40:07 -03 2019
 Inicializando o setup.
 Log : Sun Jun 23 15:41:33 -03 2019
 Inicializando o setup.
 Log : Sun Jun 23 15:42:15 -03 2019
 Inicializando o setup.
 Log : Sun Jun 23 15:42:25 -03 2019
 Inicializando o setup.
 Log : Sun Jun 23 15:43:16 -03 2019
 Inicializando o setup.
 Log : Sun Jun 23 15:57:43 -03 2019
 Inicializando o setup.
 Log : Sun Jun 23 15:58:05 -03 2019
 Inicializando o setup.
 Log : Sun Jun 23 15:59:45 -03 2019
 Inicializando o setup.
 Log : Sun Jun 23 16:02:38 -03 2019
 Inicializando o setup.
 Log : Sun Jun 23 16:11:03 -03 2019
 Inicializando o setup.
 Log : Sun Jun 23 16:14:48 -03 2019
 Inicializando o setup.
 Log : Sun Jun 23 16:14:52 -03 2019
 Inicializando o setup.
 Log : Sun Jun 23 16:16:44 -03 2019
 Inicializando o setup.
 Log : Sun Jun 23 16:29:42 -03 2019
 Inicializando o setup.
 Log : Sun Jun 23 16:30:06 -03 2019
 Inicializando o setup.
 Log : Sun Jun 23 16:30:58 -03 2019
 Inicializando o setup.
 Log : Sun Jun 23 16:31:44 -03 2019
 Inicializando o setup.
 Log : Sun Jun 23 16:32:57 -03 2019
 Inicializando o setup.
 Log : Sun Jun 23 16:34:10 -03 2019
 Inicializando o setup.
 Log : Sun Jun 23 16:36:30 -03 2019
 Inicializando o setup.
 Log : Sun Jun 23 16:59:55 -03 2019
 Inicializando o setup.
 Log : Sun Jun 23 17:00:21 -03 2019
 Inicializando o setup.
 Log : Sun Jun 23 17:02:12 -03 2019
 Inicializando o setup.
 Log : Sun Jun 23 17:15:44 -03 2019
 Inicializando o setup.
 Log : Sun Jun 23 17:16:17 -03 2019
 Inicializando o setup.
 Log : Sun Jun 23 17:16:39 -03 2019
 Inicializando o setup.
 Log : Sun Jun 23 17:18:08 -03 2019
 Inicializando o setup.
 Log : Sun Jun 23 17:18:15 -03 2019
 Inicializando o setup.
 Log : Sun Jun 23 17:18:34 -03 2019
 Inicializando o setup.
 Log : Sun Jun 23 17:18:54 -03 2019
 Inicializando o setup.
 Log : Sun Jun 23 17:19:07 -03 2019
 Inicializando o setup.
 Log : Sun Jun 23 17:31:36 -03 2019
 Inicializando o setup.
 Log : Sun Jun 23 17:32:08 -03 2019
 Inicializando o setup.
 Log : Sun Jun 23 17:32:19 -03 2019
 Inicializando o setup.
 Log : Sun Jun 23 19:22:48 -03 2019
 Inicializando o setup.
 Log : Sun Jun 23 19:23:35 -03 2019
 Inicializando o setup.
 Log : Sun Jun 23 19:24:02 -03 2019
 Inicializando o setup.
 Log : Sun Jun 23 19:24:34 -03 2019
 Inicializando o setup.
 Log : Sun Jun 23 19:25:37 -03 2019
 Inicializando o setup.
 Log : Sun Jun 23 19:25:40 -03 2019
 Inicializando o setup.
 Log : Sun Jun 23 19:29:31 -03 2019
 Inicializando o setup.
 Log : Sun Jun 23 19:32:05 -03 2019
 Inicializando o setup.
 Log : Sun Jun 23 19:33:58 -03 2019
 Inicializando o setup.
 Log : Sun Jun 23 19:42:16 -03 2019
 Inicializando o setup.
 Log : Sun Jun 23 19:43:00 -03 2019
 Inicializando o setup.
 Log : Sun Jun 23 19:46:32 -03 2019
 Inicializando o setup.
 Log : Sun Jun 23 19:47:38 -03 2019
 Inicializando o setup.
 Log : Sun Jun 23 19:50:01 -03 2019
 Inicializando o setup.
 Log : Sun Jun 23 19:50:28 -03 2019
 Inicializando o setup.
 Log : Sun Jun 23 19:54:25 -03 2019
 Inicializando o setup.
 Log : Sun Jun 23 19:59:13 -03 2019
 Inicializando o setup.
 Log : Sun Jun 23 19:59:58 -03 2019
 Inicializando o setup.
 Log : Sun Jun 23 20:00:53 -03 2019
 Inicializando o setup.
 Log : Sun Jun 23 20:09:24 -03 2019
 Inicializando o setup.